2020-06-13 22:03:26.835  {main}  INFO   TestPageObject -before class...
2020-06-13 22:03:31.534  {main}  INFO   TestPageObject -before method...
2020-06-13 22:03:40.947  {main}  INFO   TestPageObject -after method...
2020-06-13 22:03:42.953  {main}  INFO   TestPageObject -before method...
2020-06-13 22:03:47.348  {main}  INFO   TestPageObject -after method...
2020-06-13 22:03:49.366  {main}  INFO   TestPageObject -before method...
2020-06-13 22:03:51.010  {main}  ERROR  TestPageObject -Test result failed: For Exception
2020-06-13 22:03:51.015  {main}  INFO   TestPageObject -after method...
2020-06-13 22:03:53.018  {main}  INFO   TestPageObject -before method...
2020-06-13 22:03:58.422  {main}  INFO   TestPageObject -after method...
2020-06-13 22:04:00.428  {main}  INFO   TestPageObject -after class...
2020-06-13 22:06:52.318  {main}  INFO   TestPageObject -before class...
2020-06-13 22:06:57.153  {main}  INFO   TestPageObject -before method...
2020-06-13 22:07:08.977  {main}  INFO   TestPageObject -after method...
2020-06-13 22:07:10.979  {main}  INFO   TestPageObject -before method...
2020-06-13 22:07:13.592  {main}  ERROR  TestPageObject -Test result failed: For Exception
2020-06-13 22:07:14.113  {main}  INFO   TestPageObject -after method...
2020-06-13 22:07:16.113  {main}  INFO   TestPageObject -before method...
2020-06-13 22:07:22.165  {main}  INFO   TestPageObject -after method...
2020-06-13 22:07:24.167  {main}  INFO   TestPageObject -before method...
2020-06-13 22:07:26.382  {main}  ERROR  TestPageObject -Test result failed: For Exception
2020-06-13 22:07:26.946  {main}  INFO   TestPageObject -after method...
2020-06-13 22:07:28.950  {main}  INFO   TestPageObject -after class...
2020-06-13 22:08:32.463  {main}  INFO   TestPageObject -before class...
2020-06-13 22:08:37.230  {main}  INFO   TestPageObject -before method...
2020-06-13 22:08:46.038  {main}  INFO   TestPageObject -after method...
2020-06-13 22:08:48.041  {main}  INFO   TestPageObject -before method...
2020-06-13 22:08:51.883  {main}  INFO   TestPageObject -after method...
2020-06-13 22:08:53.887  {main}  INFO   TestPageObject -before method...
2020-06-13 22:08:59.476  {main}  ERROR  TestPageObject -Test result failed: For Exception
2020-06-13 22:09:00.140  {main}  INFO   TestPageObject -after method...
2020-06-13 22:11:16.222  {main}  INFO   TestPageObject -before class...
2020-06-13 22:11:21.085  {main}  INFO   TestPageObject -before method...
2020-06-13 22:11:29.708  {main}  INFO   TestPageObject -after method...
2020-06-13 22:11:31.748  {main}  INFO   TestPageObject -before method...
2020-06-13 22:11:34.014  {main}  ERROR  TestPageObject -Test result failed: For Exception
2020-06-13 22:11:35.195  {main}  INFO   TestPageObject -after method...
2020-06-13 22:11:37.196  {main}  INFO   TestPageObject -before method...
2020-06-13 22:11:41.688  {main}  INFO   TestPageObject -after method...
2020-06-13 22:11:43.690  {main}  INFO   TestPageObject -before method...
2020-06-13 22:11:54.649  {main}  ERROR  TestPageObject -Test result failed: For Exception
2020-06-13 22:11:55.310  {main}  INFO   TestPageObject -after method...
2020-06-13 22:11:57.311  {main}  INFO   TestPageObject -after class...
2020-06-13 22:19:26.846  {main}  INFO   TestPageObject -before class...
2020-06-13 22:19:31.594  {main}  INFO   TestPageObject -before method...
2020-06-13 22:19:41.166  {main}  INFO   TestPageObject -after method...
2020-06-13 22:19:43.167  {main}  INFO   TestPageObject -before method...
2020-06-13 22:19:44.194  {main}  ERROR  TestPageObject -Test result failed: For Exception
2020-06-13 22:19:44.707  {main}  INFO   TestPageObject -after method...
2020-06-13 22:19:46.710  {main}  INFO   TestPageObject -before method...
2020-06-13 22:19:51.979  {main}  INFO   TestPageObject -after method...
2020-06-13 22:19:53.984  {main}  INFO   TestPageObject -before method...
2020-06-13 22:19:58.316  {main}  INFO   TestPageObject -after method...
2020-06-13 22:20:00.316  {main}  INFO   TestPageObject -after class...
